<?xml version="1.0" encoding="UTF-8"?>
<!-- Generated by org.testng.reporters.JUnitXMLReporter -->
<testsuite ignored="2" hostname="DESKTOP-81ARGGN" failures="0" tests="1" name="Default test" time="86.267" errors="0" timestamp="2021-06-07T15:42:49 IST">
  <testcase classname="com.cyient.test.LoginTest" name="invalidCredentialTest" time="79.013"/>
  <testcase classname="com.cyient.test.LoginTest" name="validCredentialTest" time="0.0">
    <ignored/>
  </testcase> <!-- validCredentialTest -->
  <testcase classname="com.cyient.test.LoginTest" name="validateUIComponentTest" time="0.0">
    <ignored/>
  </testcase> <!-- validateUIComponentTest -->
</testsuite> <!-- Default test -->
