<?xml version="1.0" encoding="UTF-8"?>
<testng-results ignored="2" total="3" passed="1" failed="0" skipped="0">
  <reporter-output>
  </reporter-output>
  <suite started-at="2021-06-07T15:41:23 IST" name="Default suite" finished-at="2021-06-07T15:42:49 IST" duration-ms="86267">
    <groups>
    </groups>
    <test started-at="2021-06-07T15:41:23 IST" name="Default test" finished-at="2021-06-07T15:42:49 IST" duration-ms="86267">
      <class name="com.cyient.test.LoginTest">
        <test-method is-config="true" signature="setup()[pri:0, instance:com.cyient.test.LoginTest@31e5415e]" started-at="2021-06-07T15:41:23 IST" name="setup" finished-at="2021-06-07T15:41:29 IST" duration-ms="6469" status="PASS">
          <reporter-output>
          </reporter-output>
        </test-method> <!-- setup -->
        <test-method signature="invalidCredentialTest()[pri:0, instance:com.cyient.test.LoginTest@31e5415e]" started-at="2021-06-07T15:41:29 IST" name="invalidCredentialTest" finished-at="2021-06-07T15:42:48 IST" duration-ms="79013" status="PASS">
          <reporter-output>
          </reporter-output>
        </test-method> <!-- invalidCredentialTest -->
        <test-method is-config="true" signature="teardown()[pri:0, instance:com.cyient.test.LoginTest@31e5415e]" started-at="2021-06-07T15:42:48 IST" name="teardown" finished-at="2021-06-07T15:42:49 IST" duration-ms="737" status="PASS">
          <reporter-output>
          </reporter-output>
        </test-method> <!-- teardown -->
      </class> <!-- com.cyient.test.LoginTest -->
    </test> <!-- Default test -->
  </suite> <!-- Default suite -->
</testng-results>
